<?xml version="1.0" encoding="UTF-8"?>
<!-- Generated by org.testng.reporters.JUnitXMLReporter -->
<testsuite ignored="0" hostname="Onkar" failures="0" tests="3" name="Default test" time="46.525" errors="0" timestamp="2024-10-20T19:02:58 IST">
  <testcase classname="rahulshettyacademy.tests.SubmitOrderTest" name="submitOrder" time="15.609"/>
  <testcase classname="rahulshettyacademy.tests.SubmitOrderTest" name="submitOrder" time="15.692"/>
  <testcase classname="rahulshettyacademy.tests.SubmitOrderTest" name="orderHistoryTest" time="1.183"/>
</testsuite> <!-- Default test -->
