<?xml version="1.0" encoding="UTF-8"?>
<!-- Generated by org.testng.reporters.JUnitXMLReporter -->
<testsuite ignored="1" hostname="Onkar" failures="2" tests="2" name="Submit Order Test" time="0.394" errors="0" timestamp="2024-10-26T18:55:02 IST">
  <testcase classname="rahulshettyacademy.tests.SubmitOrderTest" name="submitOrder" time="0.014">
    <failure type="java.lang.NullPointerException" message="Cannot invoke &amp;quot;rahulshettyacademy.PageObjectModel.landingPage.applicationLogin(String, String)&amp;quot; because &amp;quot;this.landpage&amp;quot; is null">
      <![CDATA[java.lang.NullPointerException: Cannot invoke "rahulshettyacademy.PageObjectModel.landingPage.applicationLogin(String, String)" because "this.landpage" is null
at rahulshettyacademy.tests.SubmitOrderTest.submitOrder(SubmitOrderTest.java:31)
at java.base/java.util.ArrayList.forEach(ArrayList.java:1596)
... Removed 25 stack frames]]>
    </failure>
  </testcase> <!-- submitOrder -->
  <testcase classname="rahulshettyacademy.tests.SubmitOrderTest" name="submitOrder" time="0.005">
    <failure type="java.lang.NullPointerException" message="Cannot invoke &amp;quot;rahulshettyacademy.PageObjectModel.landingPage.applicationLogin(String, String)&amp;quot; because &amp;quot;this.landpage&amp;quot; is null">
      <![CDATA[java.lang.NullPointerException: Cannot invoke "rahulshettyacademy.PageObjectModel.landingPage.applicationLogin(String, String)" because "this.landpage" is null
at rahulshettyacademy.tests.SubmitOrderTest.submitOrder(SubmitOrderTest.java:31)
at java.base/java.util.ArrayList.forEach(ArrayList.java:1596)
... Removed 25 stack frames]]>
    </failure>
  </testcase> <!-- submitOrder -->
  <testcase classname="rahulshettyacademy.tests.SubmitOrderTest" name="orderHistoryTest" time="0.0">
    <ignored/>
  </testcase> <!-- orderHistoryTest -->
</testsuite> <!-- Submit Order Test -->
